DEBUG:mlbtv-pipe started
DEBUG:Starting new HTTPS connection (1): statsapi.mlb.com:443
DEBUG:https://statsapi.mlb.com:443 "GET /api/v1/schedule?sportId=1&startDate=2025-07-27&endDate=2025-07-27&hydrate=broadcasts(all),game(content(media(epg)),editorial(preview,recap)),linescore,team,probablePitcher(note) HTTP/1.1" 200 57676
DEBUG:mlbtv-pipe started
DEBUG:Starting new HTTPS connection (1): statsapi.mlb.com:443
DEBUG:https://statsapi.mlb.com:443 "GET /api/v1/schedule?sportId=1&startDate=2025-07-27&endDate=2025-07-27&hydrate=broadcasts(all),game(content(media(epg)),editorial(preview,recap)),linescore,team,probablePitcher(note) HTTP/1.1" 200 57676
DEBUG:Starting new HTTPS connection (1): statsapi.mlb.com:443
DEBUG:https://statsapi.mlb.com:443 "GET /api/v1/schedule?sportId=1&startDate=2025-07-26&endDate=2025-07-26&hydrate=broadcasts(all),game(content(media(epg)),editorial(preview,recap)),linescore,team,probablePitcher(note) HTTP/1.1" 200 62340
DEBUG:Starting new HTTPS connection (1): ids.mlb.com:443
DEBUG:https://ids.mlb.com:443 "POST /oauth2/aus1m088yK07noBfh356/v1/interact HTTP/1.1" 200 None
DEBUG:Starting new HTTPS connection (1): ids.mlb.com:443
DEBUG:https://ids.mlb.com:443 "POST /idp/idx/introspect HTTP/1.1" 200 None
DEBUG:Starting new HTTPS connection (1): ids.mlb.com:443
DEBUG:https://ids.mlb.com:443 "POST /idp/idx/identify HTTP/1.1" 200 None
DEBUG:Starting new HTTPS connection (1): ids.mlb.com:443
DEBUG:https://ids.mlb.com:443 "POST /idp/idx/challenge HTTP/1.1" 200 None
DEBUG:Starting new HTTPS connection (1): ids.mlb.com:443
DEBUG:https://ids.mlb.com:443 "POST /idp/idx/challenge/answer HTTP/1.1" 200 None
DEBUG:Starting new HTTPS connection (1): ids.mlb.com:443
DEBUG:https://ids.mlb.com:443 "POST /oauth2/aus1m088yK07noBfh356/v1/token HTTP/1.1" 200 None
DEBUG:Starting new HTTPS connection (1): media-gateway.mlb.com:443
DEBUG:https://media-gateway.mlb.com:443 "POST /graphql HTTP/1.1" 200 None
DEBUG:Starting new HTTPS connection (1): media-gateway.mlb.com:443
DEBUG:https://media-gateway.mlb.com:443 "POST /graphql HTTP/1.1" 200 None
DEBUG:Starting new HTTPS connection (1): tv-fst.mlb.com:443
DEBUG:https://tv-fst.mlb.com:443 "GET /1753765371_MDB1OGRxaDZlZXBlRXlEUmQzNTY_YWxsb3dlZE1lZGlhVHlwZXM9VklERU8sQVVESU8_920b1f474d615260a5a5724eb82694782e05d300bbee2bfac4b5cf22c2c4cf46/20250726/777002-AD.m3u8 HTTP/1.1" 200 642
DEBUG:Encoding detection: ascii is most likely the one.
DEBUG:Starting new HTTPS connection (1): media-gateway.mlb.com:443
DEBUG:https://media-gateway.mlb.com:443 "POST /graphql HTTP/1.1" 200 None
DEBUG:mlbtv-pipe started
DEBUG:Starting new HTTPS connection (1): statsapi.mlb.com:443
DEBUG:https://statsapi.mlb.com:443 "GET /api/v1/schedule?sportId=1&startDate=2025-07-27&endDate=2025-07-27&hydrate=broadcasts(all),game(content(media(epg)),editorial(preview,recap)),linescore,team,probablePitcher(note) HTTP/1.1" 200 57676
DEBUG:Starting new HTTPS connection (1): statsapi.mlb.com:443
DEBUG:https://statsapi.mlb.com:443 "GET /api/v1/schedule?sportId=1&startDate=2025-07-26&endDate=2025-07-26&hydrate=broadcasts(all),game(content(media(epg)),editorial(preview,recap)),linescore,team,probablePitcher(note) HTTP/1.1" 200 62340
DEBUG:Starting new HTTPS connection (1): ids.mlb.com:443
DEBUG:https://ids.mlb.com:443 "POST /oauth2/aus1m088yK07noBfh356/v1/interact HTTP/1.1" 200 None
DEBUG:Starting new HTTPS connection (1): ids.mlb.com:443
DEBUG:https://ids.mlb.com:443 "POST /idp/idx/introspect HTTP/1.1" 200 None
DEBUG:Starting new HTTPS connection (1): ids.mlb.com:443
DEBUG:https://ids.mlb.com:443 "POST /idp/idx/identify HTTP/1.1" 200 None
DEBUG:Starting new HTTPS connection (1): ids.mlb.com:443
DEBUG:https://ids.mlb.com:443 "POST /idp/idx/challenge HTTP/1.1" 200 None
DEBUG:Starting new HTTPS connection (1): ids.mlb.com:443
DEBUG:https://ids.mlb.com:443 "POST /idp/idx/challenge/answer HTTP/1.1" 200 None
DEBUG:Starting new HTTPS connection (1): ids.mlb.com:443
DEBUG:https://ids.mlb.com:443 "POST /oauth2/aus1m088yK07noBfh356/v1/token HTTP/1.1" 200 None
DEBUG:Starting new HTTPS connection (1): media-gateway.mlb.com:443
DEBUG:https://media-gateway.mlb.com:443 "POST /graphql HTTP/1.1" 200 None
DEBUG:Starting new HTTPS connection (1): media-gateway.mlb.com:443
DEBUG:https://media-gateway.mlb.com:443 "POST /graphql HTTP/1.1" 200 None
DEBUG:Starting new HTTPS connection (1): tv-gmc.mlb.com:443
DEBUG:https://tv-gmc.mlb.com:443 "GET /1753765534_MDB1OGRxaDZlZXBlRXlEUmQzNTY_YWxsb3dlZE1lZGlhVHlwZXM9VklERU8sQVVESU8_6666e8c0f5496931a8dd9ddc225a037a5fb88755c5cb0cd771093f6d352557ed/20250726/777002-AD.m3u8 HTTP/1.1" 200 642
DEBUG:Encoding detection: ascii is most likely the one.
DEBUG:Starting new HTTPS connection (1): media-gateway.mlb.com:443
DEBUG:https://media-gateway.mlb.com:443 "POST /graphql HTTP/1.1" 200 None
